{"/home/piotrzdziarski/projects/ReactFullscreenLightboxBasic/src/List.jsx": {"path":"/home/piotrzdziarski/projects/ReactFullscreenLightboxBasic/src/List.jsx","statementMap":{"0":{"start":{"line":4,"column":8},"end":{"line":12,"column":10}}},"fnMap":{"0":{"name":"(anonymous_0)","decl":{"start":{"line":3,"column":4},"end":{"line":3,"column":5}},"loc":{"start":{"line":3,"column":13},"end":{"line":13,"column":5}},"line":3}},"branchMap":{},"s":{"0":1},"f":{"0":1},"b":{},"_coverageSchema":"43e27e138ebf9cfc5966b082cf9a028302ed4184","hash":"16caec9902402d0e4d87d2cabac54ce78b8a9d3c"}
,"/home/piotrzdziarski/projects/ReactFullscreenLightboxBasic/src/xd.jsx": {"path":"/home/piotrzdziarski/projects/ReactFullscreenLightboxBasic/src/xd.jsx","statementMap":{"0":{"start":{"line":6,"column":8},"end":{"line":10,"column":10}}},"fnMap":{"0":{"name":"(anonymous_0)","decl":{"start":{"line":5,"column":4},"end":{"line":5,"column":5}},"loc":{"start":{"line":5,"column":13},"end":{"line":11,"column":5}},"line":5}},"branchMap":{},"s":{"0":1},"f":{"0":1},"b":{},"_coverageSchema":"43e27e138ebf9cfc5966b082cf9a028302ed4184","hash":"3fb234852c252caba9eea04f14a21104c95af704"}
}
