{"/home/piotrzdziarski/projects/ReactFullscreenLightboxBasic/src/FsLightbox.js": {"path":"/home/piotrzdziarski/projects/ReactFullscreenLightboxBasic/src/FsLightbox.js","statementMap":{"0":{"start":{"line":12,"column":8},"end":{"line":12,"column":21}},"1":{"start":{"line":13,"column":30},"end":{"line":13,"column":54}},"2":{"start":{"line":15,"column":8},"end":{"line":18,"column":10}},"3":{"start":{"line":21,"column":8},"end":{"line":54,"column":10}},"4":{"start":{"line":56,"column":8},"end":{"line":56,"column":40}},"5":{"start":{"line":57,"column":8},"end":{"line":57,"column":70}},"6":{"start":{"line":62,"column":8},"end":{"line":64,"column":11}},"7":{"start":{"line":68,"column":8},"end":{"line":73,"column":11}},"8":{"start":{"line":71,"column":12},"end":{"line":71,"column":39}},"9":{"start":{"line":72,"column":12},"end":{"line":72,"column":54}},"10":{"start":{"line":77,"column":8},"end":{"line":82,"column":10}},"11":{"start":{"line":86,"column":0},"end":{"line":92,"column":2}}},"fnMap":{"0":{"name":"(anonymous_0)","decl":{"start":{"line":11,"column":4},"end":{"line":11,"column":5}},"loc":{"start":{"line":11,"column":23},"end":{"line":59,"column":5}},"line":11},"1":{"name":"(anonymous_1)","decl":{"start":{"line":61,"column":4},"end":{"line":61,"column":5}},"loc":{"start":{"line":61,"column":34},"end":{"line":65,"column":5}},"line":61},"2":{"name":"(anonymous_2)","decl":{"start":{"line":67,"column":4},"end":{"line":67,"column":5}},"loc":{"start":{"line":67,"column":24},"end":{"line":74,"column":5}},"line":67},"3":{"name":"(anonymous_3)","decl":{"start":{"line":70,"column":10},"end":{"line":70,"column":11}},"loc":{"start":{"line":70,"column":16},"end":{"line":73,"column":9}},"line":70},"4":{"name":"(anonymous_4)","decl":{"start":{"line":76,"column":4},"end":{"line":76,"column":5}},"loc":{"start":{"line":76,"column":13},"end":{"line":83,"column":5}},"line":76}},"branchMap":{"0":{"loc":{"start":{"line":16,"column":19},"end":{"line":16,"column":60}},"type":"cond-expr","locations":[{"start":{"line":16,"column":40},"end":{"line":16,"column":56}},{"start":{"line":16,"column":59},"end":{"line":16,"column":60}}],"line":16},"1":{"loc":{"start":{"line":22,"column":19},"end":{"line":22,"column":60}},"type":"cond-expr","locations":[{"start":{"line":22,"column":40},"end":{"line":22,"column":56}},{"start":{"line":22,"column":59},"end":{"line":22,"column":60}}],"line":22},"2":{"loc":{"start":{"line":24,"column":27},"end":{"line":24,"column":77}},"type":"cond-expr","locations":[{"start":{"line":24,"column":56},"end":{"line":24,"column":72}},{"start":{"line":24,"column":74},"end":{"line":24,"column":77}}],"line":24},"3":{"loc":{"start":{"line":25,"column":26},"end":{"line":25,"column":83}},"type":"cond-expr","locations":[{"start":{"line":25,"column":54},"end":{"line":25,"column":77}},{"start":{"line":25,"column":79},"end":{"line":25,"column":83}}],"line":25},"4":{"loc":{"start":{"line":26,"column":26},"end":{"line":26,"column":83}},"type":"cond-expr","locations":[{"start":{"line":26,"column":54},"end":{"line":26,"column":77}},{"start":{"line":26,"column":79},"end":{"line":26,"column":83}}],"line":26}},"s":{"0":1,"1":1,"2":1,"3":1,"4":1,"5":1,"6":0,"7":1,"8":1,"9":1,"10":2,"11":1},"f":{"0":1,"1":0,"2":1,"3":1,"4":2},"b":{"0":[0,1],"1":[0,1],"2":[0,1],"3":[0,1],"4":[0,1]},"_coverageSchema":"43e27e138ebf9cfc5966b082cf9a028302ed4184","hash":"742ea09f24db498a290b1ff0918cf0d31cca2259"}
,"/home/piotrzdziarski/projects/ReactFullscreenLightboxBasic/src/components/Svg.jsx": {"path":"/home/piotrzdziarski/projects/ReactFullscreenLightboxBasic/src/components/Svg.jsx","statementMap":{"0":{"start":{"line":6,"column":8},"end":{"line":10,"column":10}},"1":{"start":{"line":14,"column":0},"end":{"line":18,"column":2}}},"fnMap":{"0":{"name":"(anonymous_0)","decl":{"start":{"line":5,"column":4},"end":{"line":5,"column":5}},"loc":{"start":{"line":5,"column":13},"end":{"line":11,"column":5}},"line":5}},"branchMap":{},"s":{"0":1,"1":2},"f":{"0":1},"b":{},"_coverageSchema":"43e27e138ebf9cfc5966b082cf9a028302ed4184","hash":"e6b9f5175ca2969650f82552acd3fa565a4f279b"}
,"/home/piotrzdziarski/projects/ReactFullscreenLightboxBasic/src/components/ToolbarButton.jsx": {"path":"/home/piotrzdziarski/projects/ReactFullscreenLightboxBasic/src/components/ToolbarButton.jsx","statementMap":{"0":{"start":{"line":5,"column":8},"end":{"line":9,"column":10}}},"fnMap":{"0":{"name":"(anonymous_0)","decl":{"start":{"line":4,"column":4},"end":{"line":4,"column":5}},"loc":{"start":{"line":4,"column":13},"end":{"line":10,"column":5}},"line":4}},"branchMap":{},"s":{"0":2},"f":{"0":2},"b":{},"_coverageSchema":"43e27e138ebf9cfc5966b082cf9a028302ed4184","hash":"8aa103716675f41a037abf7ea55aa495d4428e4e"}
,"/home/piotrzdziarski/projects/ReactFullscreenLightboxBasic/src/constants/eventsPropsNames.js": {"path":"/home/piotrzdziarski/projects/ReactFullscreenLightboxBasic/src/constants/eventsPropsNames.js","statementMap":{"0":{"start":{"line":1,"column":32},"end":{"line":6,"column":1}}},"fnMap":{},"branchMap":{},"s":{"0":1},"f":{},"b":{},"_coverageSchema":"43e27e138ebf9cfc5966b082cf9a028302ed4184","hash":"ca48b71cb2045899cabf8cb31ac4990b31c7ed9e"}
,"/home/piotrzdziarski/projects/ReactFullscreenLightboxBasic/src/utils/EventsThrower.js": {"path":"/home/piotrzdziarski/projects/ReactFullscreenLightboxBasic/src/utils/EventsThrower.js","statementMap":{"0":{"start":{"line":5,"column":8},"end":{"line":5,"column":27}},"1":{"start":{"line":9,"column":8},"end":{"line":9,"column":53}}},"fnMap":{"0":{"name":"(anonymous_0)","decl":{"start":{"line":4,"column":4},"end":{"line":4,"column":5}},"loc":{"start":{"line":4,"column":23},"end":{"line":6,"column":5}},"line":4},"1":{"name":"(anonymous_1)","decl":{"start":{"line":8,"column":4},"end":{"line":8,"column":5}},"loc":{"start":{"line":8,"column":17},"end":{"line":10,"column":5}},"line":8}},"branchMap":{},"s":{"0":2,"1":4},"f":{"0":2,"1":4},"b":{},"_coverageSchema":"43e27e138ebf9cfc5966b082cf9a028302ed4184","hash":"9f144179c0df849580eb8587c99f7ba91f5b0ec7"}
,"/home/piotrzdziarski/projects/ReactFullscreenLightboxBasic/src/utils/JSXElement.js": {"path":"/home/piotrzdziarski/projects/ReactFullscreenLightboxBasic/src/utils/JSXElement.js","statementMap":{"0":{"start":{"line":5,"column":8},"end":{"line":5,"column":23}},"1":{"start":{"line":9,"column":8},"end":{"line":9,"column":46}},"2":{"start":{"line":10,"column":8},"end":{"line":10,"column":20}},"3":{"start":{"line":14,"column":20},"end":{"line":14,"column":28}},"4":{"start":{"line":15,"column":8},"end":{"line":15,"column":53}}},"fnMap":{"0":{"name":"(anonymous_0)","decl":{"start":{"line":4,"column":4},"end":{"line":4,"column":5}},"loc":{"start":{"line":4,"column":21},"end":{"line":6,"column":5}},"line":4},"1":{"name":"(anonymous_1)","decl":{"start":{"line":8,"column":4},"end":{"line":8,"column":5}},"loc":{"start":{"line":8,"column":38},"end":{"line":11,"column":5}},"line":8},"2":{"name":"(anonymous_2)","decl":{"start":{"line":13,"column":4},"end":{"line":13,"column":5}},"loc":{"start":{"line":13,"column":17},"end":{"line":16,"column":5}},"line":13}},"branchMap":{},"s":{"0":1,"1":1,"2":1,"3":1,"4":1},"f":{"0":1,"1":1,"2":1},"b":{},"_coverageSchema":"43e27e138ebf9cfc5966b082cf9a028302ed4184","hash":"1ff240f42e618ff372f20be231eca8a438afcce0"}
,"/home/piotrzdziarski/projects/ReactFullscreenLightboxBasic/src/utils/StageSourcesIndexes.js": {"path":"/home/piotrzdziarski/projects/ReactFullscreenLightboxBasic/src/utils/StageSourcesIndexes.js","statementMap":{"0":{"start":{"line":4,"column":8},"end":{"line":4,"column":25}},"1":{"start":{"line":9,"column":8},"end":{"line":11,"column":53}},"2":{"start":{"line":13,"column":8},"end":{"line":13,"column":34}},"3":{"start":{"line":18,"column":8},"end":{"line":20,"column":45}},"4":{"start":{"line":22,"column":8},"end":{"line":22,"column":30}},"5":{"start":{"line":26,"column":8},"end":{"line":30,"column":10}}},"fnMap":{"0":{"name":"(anonymous_0)","decl":{"start":{"line":3,"column":4},"end":{"line":3,"column":5}},"loc":{"start":{"line":3,"column":22},"end":{"line":5,"column":5}},"line":3},"1":{"name":"(anonymous_1)","decl":{"start":{"line":7,"column":4},"end":{"line":7,"column":5}},"loc":{"start":{"line":7,"column":25},"end":{"line":14,"column":5}},"line":7},"2":{"name":"(anonymous_2)","decl":{"start":{"line":16,"column":4},"end":{"line":16,"column":5}},"loc":{"start":{"line":16,"column":21},"end":{"line":23,"column":5}},"line":16},"3":{"name":"(anonymous_3)","decl":{"start":{"line":25,"column":4},"end":{"line":25,"column":5}},"loc":{"start":{"line":25,"column":22},"end":{"line":31,"column":5}},"line":25}},"branchMap":{"0":{"loc":{"start":{"line":9,"column":8},"end":{"line":11,"column":52}},"type":"cond-expr","locations":[{"start":{"line":10,"column":12},"end":{"line":10,"column":58}},{"start":{"line":11,"column":12},"end":{"line":11,"column":52}}],"line":9},"1":{"loc":{"start":{"line":18,"column":8},"end":{"line":20,"column":44}},"type":"cond-expr","locations":[{"start":{"line":19,"column":12},"end":{"line":19,"column":30}},{"start":{"line":20,"column":12},"end":{"line":20,"column":44}}],"line":18}},"s":{"0":4,"1":5,"2":5,"3":6,"4":6,"5":3},"f":{"0":4,"1":5,"2":6,"3":3},"b":{"0":[2,3],"1":[2,4]},"_coverageSchema":"43e27e138ebf9cfc5966b082cf9a028302ed4184","hash":"c6a2221c493130460a99c0cb0c79c94c859b9f26"}
,"/home/piotrzdziarski/projects/ReactFullscreenLightboxBasic/src/utils/checkIfUserIsOnMobileDevice.js": {"path":"/home/piotrzdziarski/projects/ReactFullscreenLightboxBasic/src/utils/checkIfUserIsOnMobileDevice.js","statementMap":{"0":{"start":{"line":1,"column":43},"end":{"line":3,"column":1}},"1":{"start":{"line":2,"column":4},"end":{"line":2,"column":104}}},"fnMap":{"0":{"name":"(anonymous_0)","decl":{"start":{"line":1,"column":43},"end":{"line":1,"column":44}},"loc":{"start":{"line":1,"column":49},"end":{"line":3,"column":1}},"line":1}},"branchMap":{},"s":{"0":1,"1":1},"f":{"0":1},"b":{},"_coverageSchema":"43e27e138ebf9cfc5966b082cf9a028302ed4184","hash":"e923d787294215a3c091ac3ff212efe7e5252570"}
,"/home/piotrzdziarski/projects/ReactFullscreenLightboxBasic/tests/schemas/testSchemas.js": {"path":"/home/piotrzdziarski/projects/ReactFullscreenLightboxBasic/tests/schemas/testSchemas.js","statementMap":{"0":{"start":{"line":1,"column":24},"end":{"line":6,"column":1}},"1":{"start":{"line":8,"column":24},"end":{"line":11,"column":1}}},"fnMap":{},"branchMap":{},"s":{"0":1,"1":1},"f":{},"b":{},"_coverageSchema":"43e27e138ebf9cfc5966b082cf9a028302ed4184","hash":"cb762b3e2fd9aa59ed6090260c8dffd949fe84ad"}
}
