TN:
SF:/home/piotrzdziarski/projects/ReactFullscreenLightboxBasic/src/FsLightbox.jsx
FN:8,(anonymous_0)
FN:48,(anonymous_1)
FNF:2
FNH:2
FNDA:1,(anonymous_0)
FNDA:1,(anonymous_1)
DA:9,1
DA:10,1
DA:12,1
DA:49,1
DA:58,1
LF:5
LH:5
BRF:0
BRH:0
end_of_record
TN:
SF:/home/piotrzdziarski/projects/ReactFullscreenLightboxBasic/src/index.js
FNF:0
FNH:0
LF:0
LH:0
BRF:0
BRH:0
end_of_record
TN:
SF:/home/piotrzdziarski/projects/ReactFullscreenLightboxBasic/src/components/ToolbarButton.jsx
FN:4,(anonymous_0)
FNF:1
FNH:1
FNDA:1,(anonymous_0)
DA:5,1
LF:1
LH:1
BRF:0
BRH:0
end_of_record
TN:
SF:/home/piotrzdziarski/projects/ReactFullscreenLightboxBasic/src/constants/eventsPropsNames.js
FNF:0
FNH:0
DA:1,1
LF:1
LH:1
BRF:0
BRH:0
end_of_record
TN:
SF:/home/piotrzdziarski/projects/ReactFullscreenLightboxBasic/src/utils/DOMElement.js
FN:2,(anonymous_0)
FN:6,(anonymous_1)
FN:10,(anonymous_2)
FNF:3
FNH:3
FNDA:1,(anonymous_0)
FNDA:1,(anonymous_1)
FNDA:1,(anonymous_2)
DA:3,1
DA:7,1
DA:11,1
LF:3
LH:3
BRF:0
BRH:0
end_of_record
TN:
SF:/home/piotrzdziarski/projects/ReactFullscreenLightboxBasic/src/utils/EventsThrower.js
FN:4,(anonymous_0)
FN:8,(anonymous_1)
FNF:2
FNH:2
FNDA:2,(anonymous_0)
FNDA:4,(anonymous_1)
DA:5,2
DA:9,4
LF:2
LH:2
BRF:0
BRH:0
end_of_record
TN:
SF:/home/piotrzdziarski/projects/ReactFullscreenLightboxBasic/src/utils/checkIfUserIsOnMobileDevice.js
FN:1,(anonymous_0)
FNF:1
FNH:1
FNDA:1,(anonymous_0)
DA:1,1
DA:2,1
LF:2
LH:2
BRF:0
BRH:0
end_of_record
TN:
SF:/home/piotrzdziarski/projects/ReactFullscreenLightboxBasic/tests/schemas/testSchemas.js
FNF:0
FNH:0
DA:1,1
LF:1
LH:1
BRF:0
BRH:0
end_of_record
