TN:
SF:/home/piotrzdziarski/projects/ReactFullscreenLightboxBasic/src/FsLightbox.js
FN:11,(anonymous_0)
FN:61,(anonymous_1)
FN:67,(anonymous_2)
FN:70,(anonymous_3)
FN:76,(anonymous_4)
FNF:5
FNH:4
FNDA:1,(anonymous_0)
FNDA:0,(anonymous_1)
FNDA:1,(anonymous_2)
FNDA:1,(anonymous_3)
FNDA:2,(anonymous_4)
DA:12,1
DA:13,1
DA:15,1
DA:21,1
DA:56,1
DA:57,1
DA:62,0
DA:68,1
DA:71,1
DA:72,1
DA:77,2
DA:86,1
LF:12
LH:11
BRDA:16,0,0,0
BRDA:16,0,1,1
BRDA:22,1,0,0
BRDA:22,1,1,1
BRDA:24,2,0,0
BRDA:24,2,1,1
BRDA:25,3,0,0
BRDA:25,3,1,1
BRDA:26,4,0,0
BRDA:26,4,1,1
BRF:10
BRH:5
end_of_record
TN:
SF:/home/piotrzdziarski/projects/ReactFullscreenLightboxBasic/src/components/Svg.jsx
FN:5,(anonymous_0)
FNF:1
FNH:1
FNDA:1,(anonymous_0)
DA:6,1
DA:14,2
LF:2
LH:2
BRF:0
BRH:0
end_of_record
TN:
SF:/home/piotrzdziarski/projects/ReactFullscreenLightboxBasic/src/components/ToolbarButton.jsx
FN:4,(anonymous_0)
FNF:1
FNH:1
FNDA:2,(anonymous_0)
DA:5,2
LF:1
LH:1
BRF:0
BRH:0
end_of_record
TN:
SF:/home/piotrzdziarski/projects/ReactFullscreenLightboxBasic/src/constants/eventsPropsNames.js
FNF:0
FNH:0
DA:1,1
LF:1
LH:1
BRF:0
BRH:0
end_of_record
TN:
SF:/home/piotrzdziarski/projects/ReactFullscreenLightboxBasic/src/utils/EventsThrower.js
FN:4,(anonymous_0)
FN:8,(anonymous_1)
FNF:2
FNH:2
FNDA:2,(anonymous_0)
FNDA:4,(anonymous_1)
DA:5,2
DA:9,4
LF:2
LH:2
BRF:0
BRH:0
end_of_record
TN:
SF:/home/piotrzdziarski/projects/ReactFullscreenLightboxBasic/src/utils/JSXElement.js
FN:4,(anonymous_0)
FN:8,(anonymous_1)
FN:13,(anonymous_2)
FNF:3
FNH:3
FNDA:1,(anonymous_0)
FNDA:1,(anonymous_1)
FNDA:1,(anonymous_2)
DA:5,1
DA:9,1
DA:10,1
DA:14,1
DA:15,1
LF:5
LH:5
BRF:0
BRH:0
end_of_record
TN:
SF:/home/piotrzdziarski/projects/ReactFullscreenLightboxBasic/src/utils/StageSourcesIndexes.js
FN:3,(anonymous_0)
FN:7,(anonymous_1)
FN:16,(anonymous_2)
FN:25,(anonymous_3)
FNF:4
FNH:4
FNDA:4,(anonymous_0)
FNDA:5,(anonymous_1)
FNDA:6,(anonymous_2)
FNDA:3,(anonymous_3)
DA:4,4
DA:9,5
DA:13,5
DA:18,6
DA:22,6
DA:26,3
LF:6
LH:6
BRDA:9,0,0,2
BRDA:9,0,1,3
BRDA:18,1,0,2
BRDA:18,1,1,4
BRF:4
BRH:4
end_of_record
TN:
SF:/home/piotrzdziarski/projects/ReactFullscreenLightboxBasic/src/utils/checkIfUserIsOnMobileDevice.js
FN:1,(anonymous_0)
FNF:1
FNH:1
FNDA:1,(anonymous_0)
DA:1,1
DA:2,1
LF:2
LH:2
BRF:0
BRH:0
end_of_record
TN:
SF:/home/piotrzdziarski/projects/ReactFullscreenLightboxBasic/tests/schemas/testSchemas.js
FNF:0
FNH:0
DA:1,1
DA:8,1
LF:2
LH:2
BRF:0
BRH:0
end_of_record
